
DataX (DATAX-OPENSOURCE-3.0), From Alibaba !
Copyright (C) 2010-2017, Alibaba Group. All Rights Reserved.


2020-04-02 10:22:41.581 [main] INFO  VMInfo - VMInfo# operatingSystem class => sun.management.OperatingSystemImpl
2020-04-02 10:22:41.598 [main] INFO  Engine - the machine info  => 

	osInfo:	Oracle Corporation 1.8 25.60-b23
	jvmInfo:	Linux amd64 3.10.0-862.el7.x86_64
	cpu num:	1

	totalPhysicalMemory:	-0.00G
	freePhysicalMemory:	-0.00G
	maxFileDescriptorCount:	-1
	currentOpenFileDescriptorCount:	-1

	GC Names	[Copy, MarkSweepCompact]

	MEMORY_NAME                    | allocation_size                | init_size                      
	Eden Space                     | 273.06MB                       | 273.06MB                       
	Code Cache                     | 240.00MB                       | 2.44MB                         
	Survivor Space                 | 34.13MB                        | 34.13MB                        
	Compressed Class Space         | 1,024.00MB                     | 0.00MB                         
	Metaspace                      | -0.00MB                        | 0.00MB                         
	Tenured Gen                    | 682.69MB                       | 682.69MB                       


2020-04-02 10:22:41.625 [main] INFO  Engine - 
{
	"content":[
		{
			"reader":{
				"name":"mysqlreader",
				"parameter":{
					"column":[
						"*"
					],
					"connection":[
						{
							"jdbcUrl":[
								"jdbc:mysql://39.97.255.156:3307/lp_test"
							],
							"table":[
								"film"
							]
						}
					],
					"password":"**********",
					"username":"root"
				}
			},
			"writer":{
				"name":"mysqlwriter",
				"parameter":{
					"column":[
						"*"
					],
					"connection":[
						{
							"jdbcUrl":"jdbc:mysql://192.144.129.188:3306/test",
							"table":[
								"film"
							]
						}
					],
					"password":"******",
					"username":"root",
					"writeMode":"insert"
				}
			}
		}
	],
	"setting":{
		"errorLimit":{
			"percentage":0.02,
			"record":0
		},
		"speed":{
			"channel":3
		}
	}
}

2020-04-02 10:22:41.658 [main] WARN  Engine - prioriy set to 0, because NumberFormatException, the value is: null
2020-04-02 10:22:41.660 [main] INFO  PerfTrace - PerfTrace traceId=job_-1, isEnable=false, priority=0
2020-04-02 10:22:41.661 [main] INFO  JobContainer - DataX jobContainer starts job.
2020-04-02 10:22:41.666 [main] INFO  JobContainer - Set jobId = 0
2020-04-02 10:22:42.697 [job-0] INFO  OriginalConfPretreatmentUtil - Available jdbcUrl:jdbc:mysql://39.97.255.156:3307/lp_test?yearIsDateType=false&zeroDateTimeBehavior=convertToNull&tinyInt1isBit=false&rewriteBatchedStatements=true.
2020-04-02 10:22:42.698 [job-0] WARN  OriginalConfPretreatmentUtil - 您的配置文件中的列配置存在一定的风险. 因为您未配置读取数据库表的列，当您的表字段个数、类型有变动时，可能影响任务正确性甚至会运行出错。请检查您的配置并作出修改.
2020-04-02 10:22:43.093 [job-0] INFO  OriginalConfPretreatmentUtil - table:[film] all columns:[
FId,FName,FAuthor,FContent,FImage,FCategory,FPrice,FDate
].
2020-04-02 10:22:43.093 [job-0] WARN  OriginalConfPretreatmentUtil - 您的配置文件中的列配置信息存在风险. 因为您配置的写入数据库表的列为*，当您的表字段个数、类型有变动时，可能影响任务正确性甚至会运行出错。请检查您的配置并作出修改.
2020-04-02 10:22:43.095 [job-0] INFO  OriginalConfPretreatmentUtil - Write data [
insert INTO %s (FId,FName,FAuthor,FContent,FImage,FCategory,FPrice,FDate) VALUES(?,?,?,?,?,?,?,?)
], which jdbcUrl like:[jdbc:mysql://192.144.129.188:3306/test?yearIsDateType=false&zeroDateTimeBehavior=convertToNull&tinyInt1isBit=false&rewriteBatchedStatements=true]
2020-04-02 10:22:43.095 [job-0] INFO  JobContainer - jobContainer starts to do prepare ...
2020-04-02 10:22:43.096 [job-0] INFO  JobContainer - DataX Reader.Job [mysqlreader] do prepare work .
2020-04-02 10:22:43.096 [job-0] INFO  JobContainer - DataX Writer.Job [mysqlwriter] do prepare work .
2020-04-02 10:22:43.096 [job-0] INFO  JobContainer - jobContainer starts to do split ...
2020-04-02 10:22:43.097 [job-0] INFO  JobContainer - Job set Channel-Number to 3 channels.
2020-04-02 10:22:43.099 [job-0] INFO  JobContainer - DataX Reader.Job [mysqlreader] splits to [1] tasks.
2020-04-02 10:22:43.100 [job-0] INFO  JobContainer - DataX Writer.Job [mysqlwriter] splits to [1] tasks.
2020-04-02 10:22:43.130 [job-0] INFO  JobContainer - jobContainer starts to do schedule ...
2020-04-02 10:22:43.133 [job-0] INFO  JobContainer - Scheduler starts [1] taskGroups.
2020-04-02 10:22:43.147 [job-0] INFO  JobContainer - Running by standalone Mode.
2020-04-02 10:22:43.170 [taskGroup-0] INFO  TaskGroupContainer - taskGroupId=[0] start [1] channels for [1] tasks.
2020-04-02 10:22:43.173 [taskGroup-0] INFO  Channel - Channel set byte_speed_limit to -1, No bps activated.
2020-04-02 10:22:43.174 [taskGroup-0] INFO  Channel - Channel set record_speed_limit to -1, No tps activated.
2020-04-02 10:22:43.220 [taskGroup-0] INFO  TaskGroupContainer - taskGroup[0] taskId[0] attemptCount[1] is started
2020-04-02 10:22:43.228 [0-0-0-reader] INFO  CommonRdbmsReader$Task - Begin to read record by Sql: [select * from film 
] jdbcUrl:[jdbc:mysql://39.97.255.156:3307/lp_test?yearIsDateType=false&zeroDateTimeBehavior=convertToNull&tinyInt1isBit=false&rewriteBatchedStatements=true].
2020-04-02 10:22:43.362 [0-0-0-reader] INFO  CommonRdbmsReader$Task - Finished read record by Sql: [select * from film 
] jdbcUrl:[jdbc:mysql://39.97.255.156:3307/lp_test?yearIsDateType=false&zeroDateTimeBehavior=convertToNull&tinyInt1isBit=false&rewriteBatchedStatements=true].
2020-04-02 10:22:43.425 [taskGroup-0] INFO  TaskGroupContainer - taskGroup[0] taskId[0] is successed, used[223]ms
2020-04-02 10:22:43.426 [taskGroup-0] INFO  TaskGroupContainer - taskGroup[0] completed it's tasks.
2020-04-02 10:22:53.201 [job-0] INFO  StandAloneJobContainerCommunicator - Total 0 records, 0 bytes | Speed 0B/s, 0 records/s | Error 0 records, 0 bytes |  All Task WaitWriterTime 0.000s |  All Task WaitReaderTime 0.000s | Percentage 100.00%
2020-04-02 10:22:53.202 [job-0] INFO  AbstractScheduler - Scheduler accomplished all tasks.
2020-04-02 10:22:53.202 [job-0] INFO  JobContainer - DataX Writer.Job [mysqlwriter] do post work.
2020-04-02 10:22:53.202 [job-0] INFO  JobContainer - DataX Reader.Job [mysqlreader] do post work.
2020-04-02 10:22:53.203 [job-0] INFO  JobContainer - DataX jobId [0] completed successfully.
2020-04-02 10:22:53.203 [job-0] INFO  HookInvoker - No hook invoked, because base dir not exists or is a file: /root/datax/hook
2020-04-02 10:22:53.204 [job-0] INFO  JobContainer - 
	 [total cpu info] => 
		averageCpu                     | maxDeltaCpu                    | minDeltaCpu                    
		-1.00%                         | -1.00%                         | -1.00%
                        

	 [total gc info] => 
		 NAME                 | totalGCCount       | maxDeltaGCCount    | minDeltaGCCount    | totalGCTime        | maxDeltaGCTime     | minDeltaGCTime     
		 Copy                 | 0                  | 0                  | 0                  | 0.000s             | 0.000s             | 0.000s             
		 MarkSweepCompact     | 0                  | 0                  | 0                  | 0.000s             | 0.000s             | 0.000s             

2020-04-02 10:22:53.205 [job-0] INFO  JobContainer - PerfTrace not enable!
2020-04-02 10:22:53.205 [job-0] INFO  StandAloneJobContainerCommunicator - Total 0 records, 0 bytes | Speed 0B/s, 0 records/s | Error 0 records, 0 bytes |  All Task WaitWriterTime 0.000s |  All Task WaitReaderTime 0.000s | Percentage 100.00%
2020-04-02 10:22:53.206 [job-0] INFO  JobContainer - 
任务启动时刻                    : 2020-04-02 10:22:41
任务结束时刻                    : 2020-04-02 10:22:53
任务总计耗时                    :                 11s
任务平均流量                    :                0B/s
记录写入速度                    :              0rec/s
读出记录总数                    :                   0
读写失败总数                    :                   0

